{"name":"Log","hostname":"f5cd74c49ca4","pid":1,"level":30,"msg":"Ghost is running in production...","time":"2023-06-24T18:35:24.864Z","v":0}
{"name":"Log","hostname":"f5cd74c49ca4","pid":1,"level":30,"msg":"Your site is now available on http://serverip:2368/","time":"2023-06-24T18:35:24.865Z","v":0}
{"name":"Log","hostname":"f5cd74c49ca4","pid":1,"level":30,"msg":"Ctrl+C to shut down","time":"2023-06-24T18:35:24.865Z","v":0}
{"name":"Log","hostname":"f5cd74c49ca4","pid":1,"level":30,"msg":"Ghost server started in 0.448s","time":"2023-06-24T18:35:24.869Z","v":0}
{"name":"Log","hostname":"f5cd74c49ca4","pid":1,"level":50,"err":{"id":500,"domain":"http://serverip:2368","code":"ECONNREFUSED","name":"InternalServerError","statusCode":500,"level":"critical","message":"connect ECONNREFUSED 172.18.0.3:3306","help":"\"Unknown database error\"","stack":"DatabaseError: connect ECONNREFUSED 172.18.0.3:3306\n    at DatabaseStateManager.getState (/var/lib/ghost/versions/4.36.3/core/server/data/db/state-manager.js:64:32)\n    at DatabaseError.KnexMigrateError (/var/lib/ghost/versions/4.36.3/node_modules/knex-migrator/lib/errors.js:7:26)\n    at new DatabaseError (/var/lib/ghost/versions/4.36.3/node_modules/knex-migrator/lib/errors.js:55:26)\n    at /var/lib/ghost/versions/4.36.3/node_modules/knex-migrator/lib/database.js:48:19\n    at processTicksAndRejections (internal/process/task_queues.js:95:5)\n    at async DatabaseStateManager.getState (/var/lib/ghost/versions/4.36.3/core/server/data/db/state-manager.js:40:13)\n    at async DatabaseStateManager.makeReady (/var/lib/ghost/versions/4.36.3/core/server/data/db/state-manager.js:73:25)\n    at async initDatabase (/var/lib/ghost/versions/4.36.3/core/boot.js:60:5)\n    at async bootGhost (/var/lib/ghost/versions/4.36.3/core/boot.js:394:9)\n\nError: connect ECONNREFUSED 172.18.0.3:3306\n    at TCPConnectWrap.afterConnect [as oncomplete] (net.js:1159:16)\n    --------------------\n    at Protocol._enqueue (/var/lib/ghost/versions/4.36.3/node_modules/mysql/lib/protocol/Protocol.js:144:48)\n    at Protocol.handshake (/var/lib/ghost/versions/4.36.3/node_modules/mysql/lib/protocol/Protocol.js:51:23)\n    at Connection.connect (/var/lib/ghost/versions/4.36.3/node_modules/mysql/lib/Connection.js:116:18)\n    at /var/lib/ghost/versions/4.36.3/node_modules/knex-migrator/node_modules/knex/lib/dialects/mysql/index.js:68:18\n    at new Promise (<anonymous>)\n    at Client_MySQL.acquireRawConnection (/var/lib/ghost/versions/4.36.3/node_modules/knex-migrator/node_modules/knex/lib/dialects/mysql/index.js:63:12)\n    at create (/var/lib/ghost/versions/4.36.3/node_modules/knex-migrator/node_modules/knex/lib/client.js:290:39)"},"msg":"connect ECONNREFUSED 172.18.0.3:3306","time":"2023-06-24T18:35:25.010Z","v":0}
{"name":"Log","hostname":"f5cd74c49ca4","pid":1,"level":40,"msg":"Ghost is shutting down","time":"2023-06-24T18:35:25.010Z","v":0}
{"name":"Log","hostname":"f5cd74c49ca4","pid":1,"level":40,"msg":"Ghost has shut down","time":"2023-06-24T18:35:25.011Z","v":0}
{"name":"Log","hostname":"f5cd74c49ca4","pid":1,"level":40,"msg":"Your site is now offline","time":"2023-06-24T18:35:25.012Z","v":0}
{"name":"Log","hostname":"f5cd74c49ca4","pid":1,"level":40,"msg":"Ghost was running for a few seconds","time":"2023-06-24T18:35:25.012Z","v":0}
{"name":"Log","hostname":"f5cd74c49ca4","pid":1,"level":30,"msg":"Ghost is running in production...","time":"2023-06-24T18:35:26.037Z","v":0}
{"name":"Log","hostname":"f5cd74c49ca4","pid":1,"level":30,"msg":"Your site is now available on http://serverip:2368/","time":"2023-06-24T18:35:26.038Z","v":0}
{"name":"Log","hostname":"f5cd74c49ca4","pid":1,"level":30,"msg":"Ctrl+C to shut down","time":"2023-06-24T18:35:26.038Z","v":0}
{"name":"Log","hostname":"f5cd74c49ca4","pid":1,"level":30,"msg":"Ghost server started in 0.252s","time":"2023-06-24T18:35:26.041Z","v":0}
{"name":"Log","hostname":"f5cd74c49ca4","pid":1,"level":50,"err":{"id":500,"domain":"http://serverip:2368","code":"ECONNREFUSED","name":"InternalServerError","statusCode":500,"level":"critical","message":"connect ECONNREFUSED 172.18.0.3:3306","help":"\"Unknown database error\"","stack":"DatabaseError: connect ECONNREFUSED 172.18.0.3:3306\n    at DatabaseStateManager.getState (/var/lib/ghost/versions/4.36.3/core/server/data/db/state-manager.js:64:32)\n    at DatabaseError.KnexMigrateError (/var/lib/ghost/versions/4.36.3/node_modules/knex-migrator/lib/errors.js:7:26)\n    at new DatabaseError (/var/lib/ghost/versions/4.36.3/node_modules/knex-migrator/lib/errors.js:55:26)\n    at /var/lib/ghost/versions/4.36.3/node_modules/knex-migrator/lib/database.js:48:19\n    at processTicksAndRejections (internal/process/task_queues.js:95:5)\n    at async DatabaseStateManager.getState (/var/lib/ghost/versions/4.36.3/core/server/data/db/state-manager.js:40:13)\n    at async DatabaseStateManager.makeReady (/var/lib/ghost/versions/4.36.3/core/server/data/db/state-manager.js:73:25)\n    at async initDatabase (/var/lib/ghost/versions/4.36.3/core/boot.js:60:5)\n    at async bootGhost (/var/lib/ghost/versions/4.36.3/core/boot.js:394:9)\n\nError: connect ECONNREFUSED 172.18.0.3:3306\n    at TCPConnectWrap.afterConnect [as oncomplete] (net.js:1159:16)\n    --------------------\n    at Protocol._enqueue (/var/lib/ghost/versions/4.36.3/node_modules/mysql/lib/protocol/Protocol.js:144:48)\n    at Protocol.handshake (/var/lib/ghost/versions/4.36.3/node_modules/mysql/lib/protocol/Protocol.js:51:23)\n    at Connection.connect (/var/lib/ghost/versions/4.36.3/node_modules/mysql/lib/Connection.js:116:18)\n    at /var/lib/ghost/versions/4.36.3/node_modules/knex-migrator/node_modules/knex/lib/dialects/mysql/index.js:68:18\n    at new Promise (<anonymous>)\n    at Client_MySQL.acquireRawConnection (/var/lib/ghost/versions/4.36.3/node_modules/knex-migrator/node_modules/knex/lib/dialects/mysql/index.js:63:12)\n    at create (/var/lib/ghost/versions/4.36.3/node_modules/knex-migrator/node_modules/knex/lib/client.js:290:39)"},"msg":"connect ECONNREFUSED 172.18.0.3:3306","time":"2023-06-24T18:35:26.150Z","v":0}
{"name":"Log","hostname":"f5cd74c49ca4","pid":1,"level":40,"msg":"Ghost is shutting down","time":"2023-06-24T18:35:26.151Z","v":0}
{"name":"Log","hostname":"f5cd74c49ca4","pid":1,"level":40,"msg":"Ghost has shut down","time":"2023-06-24T18:35:26.153Z","v":0}
{"name":"Log","hostname":"f5cd74c49ca4","pid":1,"level":40,"msg":"Your site is now offline","time":"2023-06-24T18:35:26.153Z","v":0}
{"name":"Log","hostname":"f5cd74c49ca4","pid":1,"level":40,"msg":"Ghost was running for a few seconds","time":"2023-06-24T18:35:26.154Z","v":0}
{"name":"Log","hostname":"f5cd74c49ca4","pid":1,"level":30,"msg":"Ghost is running in production...","time":"2023-06-24T18:35:27.246Z","v":0}
{"name":"Log","hostname":"f5cd74c49ca4","pid":1,"level":30,"msg":"Your site is now available on http://serverip:2368/","time":"2023-06-24T18:35:27.247Z","v":0}
{"name":"Log","hostname":"f5cd74c49ca4","pid":1,"level":30,"msg":"Ctrl+C to shut down","time":"2023-06-24T18:35:27.247Z","v":0}
{"name":"Log","hostname":"f5cd74c49ca4","pid":1,"level":30,"msg":"Ghost server started in 0.24s","time":"2023-06-24T18:35:27.250Z","v":0}
{"name":"Log","hostname":"f5cd74c49ca4","pid":1,"level":50,"err":{"id":500,"domain":"http://serverip:2368","code":"ECONNREFUSED","name":"InternalServerError","statusCode":500,"level":"critical","message":"connect ECONNREFUSED 172.18.0.3:3306","help":"\"Unknown database error\"","stack":"DatabaseError: connect ECONNREFUSED 172.18.0.3:3306\n    at DatabaseStateManager.getState (/var/lib/ghost/versions/4.36.3/core/server/data/db/state-manager.js:64:32)\n    at DatabaseError.KnexMigrateError (/var/lib/ghost/versions/4.36.3/node_modules/knex-migrator/lib/errors.js:7:26)\n    at new DatabaseError (/var/lib/ghost/versions/4.36.3/node_modules/knex-migrator/lib/errors.js:55:26)\n    at /var/lib/ghost/versions/4.36.3/node_modules/knex-migrator/lib/database.js:48:19\n    at processTicksAndRejections (internal/process/task_queues.js:95:5)\n    at async DatabaseStateManager.getState (/var/lib/ghost/versions/4.36.3/core/server/data/db/state-manager.js:40:13)\n    at async DatabaseStateManager.makeReady (/var/lib/ghost/versions/4.36.3/core/server/data/db/state-manager.js:73:25)\n    at async initDatabase (/var/lib/ghost/versions/4.36.3/core/boot.js:60:5)\n    at async bootGhost (/var/lib/ghost/versions/4.36.3/core/boot.js:394:9)\n\nError: connect ECONNREFUSED 172.18.0.3:3306\n    at TCPConnectWrap.afterConnect [as oncomplete] (net.js:1159:16)\n    --------------------\n    at Protocol._enqueue (/var/lib/ghost/versions/4.36.3/node_modules/mysql/lib/protocol/Protocol.js:144:48)\n    at Protocol.handshake (/var/lib/ghost/versions/4.36.3/node_modules/mysql/lib/protocol/Protocol.js:51:23)\n    at Connection.connect (/var/lib/ghost/versions/4.36.3/node_modules/mysql/lib/Connection.js:116:18)\n    at /var/lib/ghost/versions/4.36.3/node_modules/knex-migrator/node_modules/knex/lib/dialects/mysql/index.js:68:18\n    at new Promise (<anonymous>)\n    at Client_MySQL.acquireRawConnection (/var/lib/ghost/versions/4.36.3/node_modules/knex-migrator/node_modules/knex/lib/dialects/mysql/index.js:63:12)\n    at create (/var/lib/ghost/versions/4.36.3/node_modules/knex-migrator/node_modules/knex/lib/client.js:290:39)"},"msg":"connect ECONNREFUSED 172.18.0.3:3306","time":"2023-06-24T18:35:27.359Z","v":0}
{"name":"Log","hostname":"f5cd74c49ca4","pid":1,"level":40,"msg":"Ghost is shutting down","time":"2023-06-24T18:35:27.360Z","v":0}
{"name":"Log","hostname":"f5cd74c49ca4","pid":1,"level":40,"msg":"Ghost has shut down","time":"2023-06-24T18:35:27.361Z","v":0}
{"name":"Log","hostname":"f5cd74c49ca4","pid":1,"level":40,"msg":"Your site is now offline","time":"2023-06-24T18:35:27.361Z","v":0}
{"name":"Log","hostname":"f5cd74c49ca4","pid":1,"level":40,"msg":"Ghost was running for a few seconds","time":"2023-06-24T18:35:27.362Z","v":0}
{"name":"Log","hostname":"f5cd74c49ca4","pid":1,"level":30,"msg":"Ghost is running in production...","time":"2023-06-24T18:35:28.561Z","v":0}
{"name":"Log","hostname":"f5cd74c49ca4","pid":1,"level":30,"msg":"Your site is now available on http://serverip:2368/","time":"2023-06-24T18:35:28.562Z","v":0}
{"name":"Log","hostname":"f5cd74c49ca4","pid":1,"level":30,"msg":"Ctrl+C to shut down","time":"2023-06-24T18:35:28.562Z","v":0}
{"name":"Log","hostname":"f5cd74c49ca4","pid":1,"level":30,"msg":"Ghost server started in 0.258s","time":"2023-06-24T18:35:28.565Z","v":0}
{"name":"Log","hostname":"f5cd74c49ca4","pid":1,"level":50,"err":{"id":500,"domain":"http://serverip:2368","code":"ECONNREFUSED","name":"InternalServerError","statusCode":500,"level":"critical","message":"connect ECONNREFUSED 172.18.0.3:3306","help":"\"Unknown database error\"","stack":"DatabaseError: connect ECONNREFUSED 172.18.0.3:3306\n    at DatabaseStateManager.getState (/var/lib/ghost/versions/4.36.3/core/server/data/db/state-manager.js:64:32)\n    at DatabaseError.KnexMigrateError (/var/lib/ghost/versions/4.36.3/node_modules/knex-migrator/lib/errors.js:7:26)\n    at new DatabaseError (/var/lib/ghost/versions/4.36.3/node_modules/knex-migrator/lib/errors.js:55:26)\n    at /var/lib/ghost/versions/4.36.3/node_modules/knex-migrator/lib/database.js:48:19\n    at processTicksAndRejections (internal/process/task_queues.js:95:5)\n    at async DatabaseStateManager.getState (/var/lib/ghost/versions/4.36.3/core/server/data/db/state-manager.js:40:13)\n    at async DatabaseStateManager.makeReady (/var/lib/ghost/versions/4.36.3/core/server/data/db/state-manager.js:73:25)\n    at async initDatabase (/var/lib/ghost/versions/4.36.3/core/boot.js:60:5)\n    at async bootGhost (/var/lib/ghost/versions/4.36.3/core/boot.js:394:9)\n\nError: connect ECONNREFUSED 172.18.0.3:3306\n    at TCPConnectWrap.afterConnect [as oncomplete] (net.js:1159:16)\n    --------------------\n    at Protocol._enqueue (/var/lib/ghost/versions/4.36.3/node_modules/mysql/lib/protocol/Protocol.js:144:48)\n    at Protocol.handshake (/var/lib/ghost/versions/4.36.3/node_modules/mysql/lib/protocol/Protocol.js:51:23)\n    at Connection.connect (/var/lib/ghost/versions/4.36.3/node_modules/mysql/lib/Connection.js:116:18)\n    at /var/lib/ghost/versions/4.36.3/node_modules/knex-migrator/node_modules/knex/lib/dialects/mysql/index.js:68:18\n    at new Promise (<anonymous>)\n    at Client_MySQL.acquireRawConnection (/var/lib/ghost/versions/4.36.3/node_modules/knex-migrator/node_modules/knex/lib/dialects/mysql/index.js:63:12)\n    at create (/var/lib/ghost/versions/4.36.3/node_modules/knex-migrator/node_modules/knex/lib/client.js:290:39)"},"msg":"connect ECONNREFUSED 172.18.0.3:3306","time":"2023-06-24T18:35:28.675Z","v":0}
{"name":"Log","hostname":"f5cd74c49ca4","pid":1,"level":40,"msg":"Ghost is shutting down","time":"2023-06-24T18:35:28.675Z","v":0}
{"name":"Log","hostname":"f5cd74c49ca4","pid":1,"level":40,"msg":"Ghost has shut down","time":"2023-06-24T18:35:28.676Z","v":0}
{"name":"Log","hostname":"f5cd74c49ca4","pid":1,"level":40,"msg":"Your site is now offline","time":"2023-06-24T18:35:28.677Z","v":0}
{"name":"Log","hostname":"f5cd74c49ca4","pid":1,"level":40,"msg":"Ghost was running for a few seconds","time":"2023-06-24T18:35:28.678Z","v":0}
{"name":"Log","hostname":"f5cd74c49ca4","pid":1,"level":30,"msg":"Ghost is running in production...","time":"2023-06-24T18:35:30.250Z","v":0}
{"name":"Log","hostname":"f5cd74c49ca4","pid":1,"level":30,"msg":"Your site is now available on http://serverip:2368/","time":"2023-06-24T18:35:30.251Z","v":0}
{"name":"Log","hostname":"f5cd74c49ca4","pid":1,"level":30,"msg":"Ctrl+C to shut down","time":"2023-06-24T18:35:30.251Z","v":0}
{"name":"Log","hostname":"f5cd74c49ca4","pid":1,"level":30,"msg":"Ghost server started in 0.247s","time":"2023-06-24T18:35:30.254Z","v":0}
{"name":"Log","hostname":"f5cd74c49ca4","pid":1,"level":50,"err":{"id":500,"domain":"http://serverip:2368","code":"ECONNREFUSED","name":"InternalServerError","statusCode":500,"level":"critical","message":"connect ECONNREFUSED 172.18.0.3:3306","help":"\"Unknown database error\"","stack":"DatabaseError: connect ECONNREFUSED 172.18.0.3:3306\n    at DatabaseStateManager.getState (/var/lib/ghost/versions/4.36.3/core/server/data/db/state-manager.js:64:32)\n    at DatabaseError.KnexMigrateError (/var/lib/ghost/versions/4.36.3/node_modules/knex-migrator/lib/errors.js:7:26)\n    at new DatabaseError (/var/lib/ghost/versions/4.36.3/node_modules/knex-migrator/lib/errors.js:55:26)\n    at /var/lib/ghost/versions/4.36.3/node_modules/knex-migrator/lib/database.js:48:19\n    at processTicksAndRejections (internal/process/task_queues.js:95:5)\n    at async DatabaseStateManager.getState (/var/lib/ghost/versions/4.36.3/core/server/data/db/state-manager.js:40:13)\n    at async DatabaseStateManager.makeReady (/var/lib/ghost/versions/4.36.3/core/server/data/db/state-manager.js:73:25)\n    at async initDatabase (/var/lib/ghost/versions/4.36.3/core/boot.js:60:5)\n    at async bootGhost (/var/lib/ghost/versions/4.36.3/core/boot.js:394:9)\n\nError: connect ECONNREFUSED 172.18.0.3:3306\n    at TCPConnectWrap.afterConnect [as oncomplete] (net.js:1159:16)\n    --------------------\n    at Protocol._enqueue (/var/lib/ghost/versions/4.36.3/node_modules/mysql/lib/protocol/Protocol.js:144:48)\n    at Protocol.handshake (/var/lib/ghost/versions/4.36.3/node_modules/mysql/lib/protocol/Protocol.js:51:23)\n    at Connection.connect (/var/lib/ghost/versions/4.36.3/node_modules/mysql/lib/Connection.js:116:18)\n    at /var/lib/ghost/versions/4.36.3/node_modules/knex-migrator/node_modules/knex/lib/dialects/mysql/index.js:68:18\n    at new Promise (<anonymous>)\n    at Client_MySQL.acquireRawConnection (/var/lib/ghost/versions/4.36.3/node_modules/knex-migrator/node_modules/knex/lib/dialects/mysql/index.js:63:12)\n    at create (/var/lib/ghost/versions/4.36.3/node_modules/knex-migrator/node_modules/knex/lib/client.js:290:39)"},"msg":"connect ECONNREFUSED 172.18.0.3:3306","time":"2023-06-24T18:35:30.362Z","v":0}
{"name":"Log","hostname":"f5cd74c49ca4","pid":1,"level":40,"msg":"Ghost is shutting down","time":"2023-06-24T18:35:30.363Z","v":0}
{"name":"Log","hostname":"f5cd74c49ca4","pid":1,"level":40,"msg":"Ghost has shut down","time":"2023-06-24T18:35:30.364Z","v":0}
{"name":"Log","hostname":"f5cd74c49ca4","pid":1,"level":40,"msg":"Your site is now offline","time":"2023-06-24T18:35:30.365Z","v":0}
{"name":"Log","hostname":"f5cd74c49ca4","pid":1,"level":40,"msg":"Ghost was running for a few seconds","time":"2023-06-24T18:35:30.366Z","v":0}
{"name":"Log","hostname":"f5cd74c49ca4","pid":1,"level":30,"msg":"Ghost is running in production...","time":"2023-06-24T18:35:32.739Z","v":0}
{"name":"Log","hostname":"f5cd74c49ca4","pid":1,"level":30,"msg":"Your site is now available on http://serverip:2368/","time":"2023-06-24T18:35:32.740Z","v":0}
{"name":"Log","hostname":"f5cd74c49ca4","pid":1,"level":30,"msg":"Ctrl+C to shut down","time":"2023-06-24T18:35:32.740Z","v":0}
{"name":"Log","hostname":"f5cd74c49ca4","pid":1,"level":30,"msg":"Ghost server started in 0.246s","time":"2023-06-24T18:35:32.743Z","v":0}
{"name":"Log","hostname":"f5cd74c49ca4","pid":1,"level":40,"msg":"Database state requires initialisation.","time":"2023-06-24T18:35:32.859Z","v":0}
{"name":"Log","hostname":"f5cd74c49ca4","pid":1,"level":30,"msg":"Creating table: posts","time":"2023-06-24T18:35:33.086Z","v":0}
{"name":"Log","hostname":"f5cd74c49ca4","pid":1,"level":30,"msg":"Creating table: posts_meta","time":"2023-06-24T18:35:33.114Z","v":0}
{"name":"Log","hostname":"f5cd74c49ca4","pid":1,"level":30,"msg":"Creating table: users","time":"2023-06-24T18:35:33.154Z","v":0}
{"name":"Log","hostname":"f5cd74c49ca4","pid":1,"level":30,"msg":"Creating table: oauth","time":"2023-06-24T18:35:33.186Z","v":0}
{"name":"Log","hostname":"f5cd74c49ca4","pid":1,"level":30,"msg":"Creating table: posts_authors","time":"2023-06-24T18:35:33.215Z","v":0}
{"name":"Log","hostname":"f5cd74c49ca4","pid":1,"level":30,"msg":"Creating table: roles","time":"2023-06-24T18:35:33.266Z","v":0}
{"name":"Log","hostname":"f5cd74c49ca4","pid":1,"level":30,"msg":"Creating table: roles_users","time":"2023-06-24T18:35:33.290Z","v":0}
{"name":"Log","hostname":"f5cd74c49ca4","pid":1,"level":30,"msg":"Creating table: permissions","time":"2023-06-24T18:35:33.309Z","v":0}
{"name":"Log","hostname":"f5cd74c49ca4","pid":1,"level":30,"msg":"Creating table: permissions_users","time":"2023-06-24T18:35:33.333Z","v":0}
{"name":"Log","hostname":"f5cd74c49ca4","pid":1,"level":30,"msg":"Creating table: permissions_roles","time":"2023-06-24T18:35:33.351Z","v":0}
{"name":"Log","hostname":"f5cd74c49ca4","pid":1,"level":30,"msg":"Creating table: settings","time":"2023-06-24T18:35:33.371Z","v":0}
{"name":"Log","hostname":"f5cd74c49ca4","pid":1,"level":30,"msg":"Creating table: tags","time":"2023-06-24T18:35:33.395Z","v":0}
{"name":"Log","hostname":"f5cd74c49ca4","pid":1,"level":30,"msg":"Creating table: posts_tags","time":"2023-06-24T18:35:33.419Z","v":0}
{"name":"Log","hostname":"f5cd74c49ca4","pid":1,"level":30,"msg":"Creating table: invites","time":"2023-06-24T18:35:33.459Z","v":0}
{"name":"Log","hostname":"f5cd74c49ca4","pid":1,"level":30,"msg":"Creating table: brute","time":"2023-06-24T18:35:33.488Z","v":0}
{"name":"Log","hostname":"f5cd74c49ca4","pid":1,"level":30,"msg":"Creating table: sessions","time":"2023-06-24T18:35:33.508Z","v":0}
{"name":"Log","hostname":"f5cd74c49ca4","pid":1,"level":30,"msg":"Creating table: integrations","time":"2023-06-24T18:35:33.531Z","v":0}
{"name":"Log","hostname":"f5cd74c49ca4","pid":1,"level":30,"msg":"Creating table: webhooks","time":"2023-06-24T18:35:33.554Z","v":0}
{"name":"Log","hostname":"f5cd74c49ca4","pid":1,"level":30,"msg":"Creating table: api_keys","time":"2023-06-24T18:35:33.585Z","v":0}
{"name":"Log","hostname":"f5cd74c49ca4","pid":1,"level":30,"msg":"Creating table: mobiledoc_revisions","time":"2023-06-24T18:35:33.609Z","v":0}
{"name":"Log","hostname":"f5cd74c49ca4","pid":1,"level":30,"msg":"Creating table: members","time":"2023-06-24T18:35:33.632Z","v":0}
{"name":"Log","hostname":"f5cd74c49ca4","pid":1,"level":30,"msg":"Creating table: products","time":"2023-06-24T18:35:33.665Z","v":0}
{"name":"Log","hostname":"f5cd74c49ca4","pid":1,"level":30,"msg":"Creating table: offers","time":"2023-06-24T18:35:33.688Z","v":0}
{"name":"Log","hostname":"f5cd74c49ca4","pid":1,"level":30,"msg":"Creating table: benefits","time":"2023-06-24T18:35:33.737Z","v":0}
{"name":"Log","hostname":"f5cd74c49ca4","pid":1,"level":30,"msg":"Creating table: products_benefits","time":"2023-06-24T18:35:33.760Z","v":0}
{"name":"Log","hostname":"f5cd74c49ca4","pid":1,"level":30,"msg":"Creating table: members_products","time":"2023-06-24T18:35:33.803Z","v":0}
{"name":"Log","hostname":"f5cd74c49ca4","pid":1,"level":30,"msg":"Creating table: posts_products","time":"2023-06-24T18:35:33.850Z","v":0}
{"name":"Log","hostname":"f5cd74c49ca4","pid":1,"level":30,"msg":"Creating table: members_payment_events","time":"2023-06-24T18:35:33.894Z","v":0}
{"name":"Log","hostname":"f5cd74c49ca4","pid":1,"level":30,"msg":"Creating table: members_login_events","time":"2023-06-24T18:35:33.924Z","v":0}
{"name":"Log","hostname":"f5cd74c49ca4","pid":1,"level":30,"msg":"Creating table: members_email_change_events","time":"2023-06-24T18:35:33.954Z","v":0}
{"name":"Log","hostname":"f5cd74c49ca4","pid":1,"level":30,"msg":"Creating table: members_status_events","time":"2023-06-24T18:35:33.988Z","v":0}
{"name":"Log","hostname":"f5cd74c49ca4","pid":1,"level":30,"msg":"Creating table: members_product_events","time":"2023-06-24T18:35:34.019Z","v":0}
{"name":"Log","hostname":"f5cd74c49ca4","pid":1,"level":30,"msg":"Creating table: members_paid_subscription_events","time":"2023-06-24T18:35:34.062Z","v":0}
{"name":"Log","hostname":"f5cd74c49ca4","pid":1,"level":30,"msg":"Creating table: labels","time":"2023-06-24T18:35:34.091Z","v":0}
{"name":"Log","hostname":"f5cd74c49ca4","pid":1,"level":30,"msg":"Creating table: members_labels","time":"2023-06-24T18:35:34.119Z","v":0}
{"name":"Log","hostname":"f5cd74c49ca4","pid":1,"level":30,"msg":"Creating table: members_stripe_customers","time":"2023-06-24T18:35:34.159Z","v":0}
{"name":"Log","hostname":"f5cd74c49ca4","pid":1,"level":30,"msg":"Creating table: members_stripe_customers_subscriptions","time":"2023-06-24T18:35:34.195Z","v":0}
{"name":"Log","hostname":"f5cd74c49ca4","pid":1,"level":30,"msg":"Creating table: offer_redemptions","time":"2023-06-24T18:35:34.237Z","v":0}
{"name":"Log","hostname":"f5cd74c49ca4","pid":1,"level":30,"msg":"Creating table: members_subscribe_events","time":"2023-06-24T18:35:34.292Z","v":0}
{"name":"Log","hostname":"f5cd74c49ca4","pid":1,"level":30,"msg":"Creating table: stripe_products","time":"2023-06-24T18:35:34.323Z","v":0}
{"name":"Log","hostname":"f5cd74c49ca4","pid":1,"level":30,"msg":"Creating table: stripe_prices","time":"2023-06-24T18:35:34.358Z","v":0}
{"name":"Log","hostname":"f5cd74c49ca4","pid":1,"level":30,"msg":"Creating table: actions","time":"2023-06-24T18:35:34.393Z","v":0}
{"name":"Log","hostname":"f5cd74c49ca4","pid":1,"level":30,"msg":"Creating table: emails","time":"2023-06-24T18:35:34.414Z","v":0}
{"name":"Log","hostname":"f5cd74c49ca4","pid":1,"level":30,"msg":"Creating table: email_batches","time":"2023-06-24T18:35:34.443Z","v":0}
{"name":"Log","hostname":"f5cd74c49ca4","pid":1,"level":30,"msg":"Creating table: email_recipients","time":"2023-06-24T18:35:34.474Z","v":0}
{"name":"Log","hostname":"f5cd74c49ca4","pid":1,"level":30,"msg":"Creating table: tokens","time":"2023-06-24T18:35:34.547Z","v":0}
{"name":"Log","hostname":"f5cd74c49ca4","pid":1,"level":30,"msg":"Creating table: snippets","time":"2023-06-24T18:35:34.570Z","v":0}
{"name":"Log","hostname":"f5cd74c49ca4","pid":1,"level":30,"msg":"Creating table: temp_member_analytic_events","time":"2023-06-24T18:35:34.593Z","v":0}
{"name":"Log","hostname":"f5cd74c49ca4","pid":1,"level":30,"msg":"Creating table: custom_theme_settings","time":"2023-06-24T18:35:34.612Z","v":0}
{"name":"Log","hostname":"f5cd74c49ca4","pid":1,"level":30,"msg":"Model: Product","time":"2023-06-24T18:35:34.631Z","v":0}
{"name":"Log","hostname":"f5cd74c49ca4","pid":1,"level":30,"msg":"Model: Tag","time":"2023-06-24T18:35:34.660Z","v":0}
{"name":"Log","hostname":"f5cd74c49ca4","pid":1,"level":30,"msg":"Model: Role","time":"2023-06-24T18:35:34.668Z","v":0}
{"name":"Log","hostname":"f5cd74c49ca4","pid":1,"level":30,"msg":"Model: Permission","time":"2023-06-24T18:35:34.698Z","v":0}
{"name":"Log","hostname":"f5cd74c49ca4","pid":1,"level":30,"msg":"Model: User","time":"2023-06-24T18:35:34.996Z","v":0}
{"name":"Log","hostname":"f5cd74c49ca4","pid":1,"level":30,"msg":"Model: Post","time":"2023-06-24T18:35:36.836Z","v":0}
{"name":"Log","hostname":"f5cd74c49ca4","pid":1,"level":30,"msg":"Model: Integration","time":"2023-06-24T18:35:37.364Z","v":0}
{"name":"Log","hostname":"f5cd74c49ca4","pid":1,"level":30,"msg":"Relation: Role to Permission","time":"2023-06-24T18:35:37.405Z","v":0}
{"name":"Log","hostname":"f5cd74c49ca4","pid":1,"level":30,"msg":"Relation: Post to Tag","time":"2023-06-24T18:35:37.602Z","v":0}
{"name":"Log","hostname":"f5cd74c49ca4","pid":1,"level":30,"msg":"Relation: User to Role","time":"2023-06-24T18:35:37.627Z","v":0}
{"name":"Log","hostname":"f5cd74c49ca4","pid":1,"level":30,"msg":"Database is in a ready state.","time":"2023-06-24T18:35:37.677Z","v":0}
{"name":"Log","hostname":"f5cd74c49ca4","pid":1,"level":30,"msg":"Ghost database ready in 5.184s","time":"2023-06-24T18:35:37.682Z","v":0}
{"name":"Log","hostname":"f5cd74c49ca4","pid":1,"level":30,"msg":"Stripe not configured - skipping migrations","time":"2023-06-24T18:35:38.996Z","v":0}
{"name":"Log","hostname":"f5cd74c49ca4","pid":1,"level":30,"msg":"Ghost booted in 6.546s","time":"2023-06-24T18:35:39.043Z","v":0}
{"name":"Log","hostname":"f5cd74c49ca4","pid":1,"level":30,"msg":"Adding offloaded job to the queue","time":"2023-06-24T18:35:39.047Z","v":0}
{"name":"Log","hostname":"f5cd74c49ca4","pid":1,"level":30,"msg":"Scheduling job update-check at 41 22 1 * * *. Next run on: Sun Jun 25 2023 01:22:41 GMT+0000 (Coordinated Universal Time)","time":"2023-06-24T18:35:39.055Z","v":0}
{"name":"Log","hostname":"f5cd74c49ca4","pid":1,"level":30,"msg":"Ghost URL Service Ready in 6.71s","time":"2023-06-24T18:35:39.208Z","v":0}
{"name":"Log","hostname":"f5cd74c49ca4","pid":1,"level":30,"worker":{"resourceLimits":{"maxYoungGenerationSizeMb":48,"maxOldGenerationSizeMb":2048,"codeRangeSizeMb":0,"stackSizeMb":4},"threadId":1},"msg":"Worker for job \"update-check\" online","time":"2023-06-25T01:22:41.599Z","v":0}
{"name":"Log","hostname":"f5cd74c49ca4","pid":1,"level":30,"msg":"Worker for job update-check sent a message: Ran update check","time":"2023-06-25T01:22:43.805Z","v":0}
{"name":"Log","hostname":"f5cd74c49ca4","pid":1,"level":30,"msg":"Worker for job update-check sent a message: done","time":"2023-06-25T01:22:43.806Z","v":0}
{"name":"Log","hostname":"f5cd74c49ca4","pid":1,"level":30,"worker":{"resourceLimits":{"maxYoungGenerationSizeMb":48,"maxOldGenerationSizeMb":2048,"codeRangeSizeMb":0,"stackSizeMb":4},"threadId":2},"msg":"Worker for job \"update-check\" online","time":"2023-06-26T01:22:41.278Z","v":0}
{"name":"Log","hostname":"f5cd74c49ca4","pid":1,"level":30,"msg":"Worker for job update-check sent a message: Ran update check","time":"2023-06-26T01:22:42.815Z","v":0}
{"name":"Log","hostname":"f5cd74c49ca4","pid":1,"level":30,"msg":"Worker for job update-check sent a message: done","time":"2023-06-26T01:22:42.815Z","v":0}
{"name":"Log","hostname":"f5cd74c49ca4","pid":1,"level":50,"err":{"id":"f285a3d0-1414-11ee-81f0-4bf927176c37","domain":"http://serverip:2368","code":"IMAGE_SIZE_URL","name":"InternalServerError","statusCode":500,"level":"critical","message":"URL empty or invalid.","context":"\"http://serverip:2368/favicon.ico\"","stack":"InternalServerError: URL empty or invalid.\n    at /var/lib/ghost/versions/4.36.3/core/server/lib/image/image-size.js:159:35\n    at tryCatcher (/var/lib/ghost/versions/4.36.3/node_modules/bluebird/js/release/util.js:16:23)\n    at /var/lib/ghost/versions/4.36.3/node_modules/bluebird/js/release/catch_filter.js:34:37\n    at tryCatcher (/var/lib/ghost/versions/4.36.3/node_modules/bluebird/js/release/util.js:16:23)\n    at Promise._settlePromiseFromHandler (/var/lib/ghost/versions/4.36.3/node_modules/bluebird/js/release/promise.js:547:31)\n    at Promise._settlePromise (/var/lib/ghost/versions/4.36.3/node_modules/bluebird/js/release/promise.js:604:18)\n    at Promise._settlePromise0 (/var/lib/ghost/versions/4.36.3/node_modules/bluebird/js/release/promise.js:649:10)\n    at Promise._settlePromises (/var/lib/ghost/versions/4.36.3/node_modules/bluebird/js/release/promise.js:725:18)\n    at _drainQueueStep (/var/lib/ghost/versions/4.36.3/node_modules/bluebird/js/release/async.js:93:12)\n    at _drainQueue (/var/lib/ghost/versions/4.36.3/node_modules/bluebird/js/release/async.js:86:9)\n    at Async._drainQueues (/var/lib/ghost/versions/4.36.3/node_modules/bluebird/js/release/async.js:102:5)\n    at Immediate.Async.drainQueues [as _onImmediate] (/var/lib/ghost/versions/4.36.3/node_modules/bluebird/js/release/async.js:15:14)\n    at processImmediate (internal/timers.js:464:21)"},"msg":"URL empty or invalid.","time":"2023-06-26T11:31:09.584Z","v":0}
{"name":"Log","hostname":"f5cd74c49ca4","pid":1,"level":30,"req":{"meta":{"requestId":"13c3b0bc-50c7-4862-901f-9e2c891c388e","userId":null},"url":"/","method":"GET","originalUrl":"/","params":{},"headers":{"host":"localhost:2368","user-agent":"Mozilla/5.0 (X11; Ubuntu; Linux x86_64; rv:109.0) Gecko/20100101 Firefox/114.0","accept":"text/html,application/xhtml+xml,application/xml;q=0.9,image/avif,image/webp,*/*;q=0.8","accept-language":"en-US,en;q=0.5","accept-encoding":"gzip, deflate, br","connection":"keep-alive","cookie":"**REDACTED**","upgrade-insecure-requests":"1","sec-fetch-dest":"document","sec-fetch-mode":"navigate","sec-fetch-site":"none","sec-fetch-user":"?1"},"query":{}},"res":{"_headers":{"x-powered-by":"Express","cache-control":"public, max-age=0","content-type":"text/html; charset=utf-8","etag":"W/\"5dd5-HXFQqRIY/u02Hsj+gD+A/SprAb8\"","vary":"Accept-Encoding","content-encoding":"gzip"},"statusCode":200,"responseTime":"1777ms"},"msg":"","time":"2023-06-26T11:31:10.285Z","v":0}
{"name":"Log","hostname":"f5cd74c49ca4","pid":1,"level":30,"req":{"meta":{"requestId":"606cee20-3ea0-4481-abc5-1993d7e24311","userId":null},"url":"/assets/built/screen.css?v=e4be049549","method":"GET","originalUrl":"/assets/built/screen.css?v=e4be049549","params":{},"headers":{"host":"localhost:2368","user-agent":"Mozilla/5.0 (X11; Ubuntu; Linux x86_64; rv:109.0) Gecko/20100101 Firefox/114.0","accept":"text/css,*/*;q=0.1","accept-language":"en-US,en;q=0.5","accept-encoding":"gzip, deflate, br","connection":"keep-alive","referer":"http://localhost:2368/","cookie":"**REDACTED**","sec-fetch-dest":"style","sec-fetch-mode":"no-cors","sec-fetch-site":"same-origin"},"query":{"v":"e4be049549"}},"res":{"_headers":{"x-powered-by":"Express","accept-ranges":"bytes","cache-control":"public, max-age=31536000","last-modified":"Sat, 26 Oct 1985 08:15:00 GMT","etag":"W/\"7f2c-7438674ba0\"","content-type":"text/css; charset=UTF-8","vary":"Accept-Encoding","content-encoding":"gzip"},"statusCode":200,"responseTime":"12ms"},"msg":"","time":"2023-06-26T11:31:10.374Z","v":0}
{"name":"Log","hostname":"f5cd74c49ca4","pid":1,"level":30,"req":{"meta":{"requestId":"6c4cb116-eabe-410d-bd06-75e267ba499c","userId":null},"url":"/public/cards.min.js?v=e4be049549","method":"GET","originalUrl":"/public/cards.min.js?v=e4be049549","params":{},"headers":{"host":"localhost:2368","user-agent":"Mozilla/5.0 (X11; Ubuntu; Linux x86_64; rv:109.0) Gecko/20100101 Firefox/114.0","accept":"*/*","accept-language":"en-US,en;q=0.5","accept-encoding":"gzip, deflate, br","referer":"http://localhost:2368/","connection":"keep-alive","cookie":"**REDACTED**","sec-fetch-dest":"script","sec-fetch-mode":"no-cors","sec-fetch-site":"same-origin"},"query":{"v":"e4be049549"}},"res":{"_headers":{"x-powered-by":"Express","content-type":"application/javascript","etag":"\"405a0d44ab4fb289d3c7c84de0f7a6de\"","cache-control":"public, max-age=31536000","vary":"Accept-Encoding","content-encoding":"gzip"},"statusCode":200,"responseTime":"14ms"},"msg":"","time":"2023-06-26T11:31:10.380Z","v":0}
{"name":"Log","hostname":"f5cd74c49ca4","pid":1,"level":30,"req":{"meta":{"requestId":"42855a3d-0bd8-44a9-ae88-d13cb46d8815","userId":null},"url":"/public/cards.min.css?v=e4be049549","method":"GET","originalUrl":"/public/cards.min.css?v=e4be049549","params":{},"headers":{"host":"localhost:2368","user-agent":"Mozilla/5.0 (X11; Ubuntu; Linux x86_64; rv:109.0) Gecko/20100101 Firefox/114.0","accept":"text/css,*/*;q=0.1","accept-language":"en-US,en;q=0.5","accept-encoding":"gzip, deflate, br","referer":"http://localhost:2368/","connection":"keep-alive","cookie":"**REDACTED**","sec-fetch-dest":"style","sec-fetch-mode":"no-cors","sec-fetch-site":"same-origin"},"query":{"v":"e4be049549"}},"res":{"_headers":{"x-powered-by":"Express","content-type":"text/css","etag":"\"d5cc0dc6d59a379d442f2bce80934735\"","cache-control":"public, max-age=31536000","vary":"Accept-Encoding","content-encoding":"gzip"},"statusCode":200,"responseTime":"13ms"},"msg":"","time":"2023-06-26T11:31:10.381Z","v":0}
{"name":"Log","hostname":"f5cd74c49ca4","pid":1,"level":30,"req":{"meta":{"requestId":"08fb7f8a-396d-4ae9-9a28-4966e5eac02e","userId":null},"url":"/assets/built/casper.js?v=e4be049549","method":"GET","originalUrl":"/assets/built/casper.js?v=e4be049549","params":{},"headers":{"host":"localhost:2368","user-agent":"Mozilla/5.0 (X11; Ubuntu; Linux x86_64; rv:109.0) Gecko/20100101 Firefox/114.0","accept":"*/*","accept-language":"en-US,en;q=0.5","accept-encoding":"gzip, deflate, br","referer":"http://localhost:2368/","connection":"keep-alive","cookie":"**REDACTED**","sec-fetch-dest":"script","sec-fetch-mode":"no-cors","sec-fetch-site":"same-origin"},"query":{"v":"e4be049549"}},"res":{"_headers":{"x-powered-by":"Express","accept-ranges":"bytes","cache-control":"public, max-age=31536000","last-modified":"Sat, 26 Oct 1985 08:15:00 GMT","etag":"W/\"b32-7438674ba0\"","content-type":"application/javascript; charset=UTF-8","vary":"Accept-Encoding","content-encoding":"gzip"},"statusCode":200,"responseTime":"11ms"},"msg":"","time":"2023-06-26T11:31:10.382Z","v":0}
{"name":"Log","hostname":"f5cd74c49ca4","pid":1,"level":30,"req":{"meta":{"requestId":"204e2391-91f2-4912-b14f-46ede06fc6d8","userId":null},"url":"/favicon.ico","method":"GET","originalUrl":"/favicon.ico","params":{},"headers":{"host":"localhost:2368","user-agent":"Mozilla/5.0 (X11; Ubuntu; Linux x86_64; rv:109.0) Gecko/20100101 Firefox/114.0","accept":"image/avif,image/webp,*/*","accept-language":"en-US,en;q=0.5","accept-encoding":"gzip, deflate, br","referer":"http://localhost:2368/","connection":"keep-alive","cookie":"**REDACTED**","sec-fetch-dest":"image","sec-fetch-mode":"no-cors","sec-fetch-site":"same-origin"},"query":{}},"res":{"_headers":{"x-powered-by":"Express","content-type":"image/x-icon","etag":"\"a9c6dbdcdc3ae568f4e0dad92149a0e3\"","cache-control":"public, max-age=86400","vary":"Accept-Encoding","content-encoding":"gzip"},"statusCode":200,"responseTime":"6ms"},"msg":"","time":"2023-06-26T11:31:14.726Z","v":0}
{"name":"Log","hostname":"f5cd74c49ca4","pid":1,"level":30,"req":{"meta":{"requestId":"775a6d39-2f6c-47aa-a37b-cec4e8cb4bf0","userId":null},"url":"/assets/built/screen.css?v=e4be049549","method":"GET","originalUrl":"/assets/built/screen.css?v=e4be049549","params":{},"headers":{"host":"localhost:2368","user-agent":"Mozilla/5.0 (X11; Ubuntu; Linux x86_64; rv:109.0) Gecko/20100101 Firefox/114.0","accept":"text/css,*/*;q=0.1","accept-language":"en-US,en;q=0.5","accept-encoding":"gzip, deflate, br","connection":"keep-alive","referer":"http://localhost:2368/","cookie":"**REDACTED**","sec-fetch-dest":"style","sec-fetch-mode":"no-cors","sec-fetch-site":"same-origin"},"query":{"v":"e4be049549"}},"res":{"_headers":{"x-powered-by":"Express"},"statusCode":200,"responseTime":"3ms"},"msg":"","time":"2023-06-26T11:32:16.271Z","v":0}
{"name":"Log","hostname":"f5cd74c49ca4","pid":1,"level":30,"req":{"meta":{"requestId":"e45b176e-a320-4870-904a-046af2fc4863","userId":null},"url":"/","method":"GET","originalUrl":"/ghost","params":{},"headers":{"host":"localhost:2368","user-agent":"Mozilla/5.0 (X11; Ubuntu; Linux x86_64; rv:109.0) Gecko/20100101 Firefox/114.0","accept":"text/html,application/xhtml+xml,application/xml;q=0.9,image/avif,image/webp,*/*;q=0.8","accept-language":"en-US,en;q=0.5","accept-encoding":"gzip, deflate, br","connection":"keep-alive","cookie":"**REDACTED**","upgrade-insecure-requests":"1","sec-fetch-dest":"document","sec-fetch-mode":"navigate","sec-fetch-site":"none","sec-fetch-user":"?1"},"query":{}},"res":{"_headers":{"x-powered-by":"Express","cache-control":"public, max-age=31536000","location":"/ghost/"},"statusCode":301,"responseTime":"6ms"},"msg":"","time":"2023-06-26T11:32:50.461Z","v":0}
{"name":"Log","hostname":"f5cd74c49ca4","pid":1,"level":30,"req":{"meta":{"requestId":"50c1ad23-a907-4544-8e67-ec873ecce8d9","userId":null},"url":"/","method":"GET","originalUrl":"/ghost/","params":{"0":"/"},"headers":{"host":"localhost:2368","user-agent":"Mozilla/5.0 (X11; Ubuntu; Linux x86_64; rv:109.0) Gecko/20100101 Firefox/114.0","accept":"text/html,application/xhtml+xml,application/xml;q=0.9,image/avif,image/webp,*/*;q=0.8","accept-language":"en-US,en;q=0.5","accept-encoding":"gzip, deflate, br","connection":"keep-alive","cookie":"**REDACTED**","upgrade-insecure-requests":"1","sec-fetch-dest":"document","sec-fetch-mode":"navigate","sec-fetch-site":"none","sec-fetch-user":"?1"},"query":{}},"res":{"_headers":{"x-powered-by":"Express","cache-control":"no-cache, private, no-store, must-revalidate, max-stale=0, post-check=0, pre-check=0","etag":"5fac38c331fd0aacc9783c90c220bb7c","x-frame-options":"sameorigin","accept-ranges":"bytes","last-modified":"Sat, 26 Oct 1985 08:15:00 GMT","content-type":"text/html; charset=UTF-8","vary":"Accept-Encoding","content-encoding":"gzip"},"statusCode":200,"responseTime":"58ms"},"msg":"","time":"2023-06-26T11:32:50.539Z","v":0}
{"name":"Log","hostname":"f5cd74c49ca4","pid":1,"level":30,"req":{"meta":{"requestId":"9952c14d-cb5b-45fa-bdd2-7e23ae80996c","userId":null},"url":"/vendor.min-2c8ad32b7960bb605ebc20097fee5ebd.css","method":"GET","originalUrl":"/ghost/assets/vendor.min-2c8ad32b7960bb605ebc20097fee5ebd.css","params":{},"headers":{"host":"localhost:2368","user-agent":"Mozilla/5.0 (X11; Ubuntu; Linux x86_64; rv:109.0) Gecko/20100101 Firefox/114.0","accept":"text/css,*/*;q=0.1","accept-language":"en-US,en;q=0.5","accept-encoding":"gzip, deflate, br","connection":"keep-alive","referer":"http://localhost:2368/ghost/","cookie":"**REDACTED**","sec-fetch-dest":"style","sec-fetch-mode":"no-cors","sec-fetch-site":"same-origin"},"query":{}},"res":{"_headers":{"x-powered-by":"Express","accept-ranges":"bytes","cache-control":"public, max-age=31536000","last-modified":"Sat, 26 Oct 1985 08:15:00 GMT","etag":"W/\"aafa-7438674ba0\"","content-type":"text/css; charset=UTF-8","vary":"Accept-Encoding","content-encoding":"gzip"},"statusCode":200,"responseTime":"337ms"},"msg":"","time":"2023-06-26T11:32:50.949Z","v":0}
{"name":"Log","hostname":"f5cd74c49ca4","pid":1,"level":30,"req":{"meta":{"requestId":"9a856699-32eb-42e0-9959-c87245daa674","userId":null},"url":"/ghost.min-75ed7451ca633bae1b345eb57e2c28e0.css","method":"GET","originalUrl":"/ghost/assets/ghost.min-75ed7451ca633bae1b345eb57e2c28e0.css","params":{},"headers":{"host":"localhost:2368","user-agent":"Mozilla/5.0 (X11; Ubuntu; Linux x86_64; rv:109.0) Gecko/20100101 Firefox/114.0","accept":"text/css,*/*;q=0.1","accept-language":"en-US,en;q=0.5","accept-encoding":"gzip, deflate, br","connection":"keep-alive","referer":"http://localhost:2368/ghost/","cookie":"**REDACTED**","sec-fetch-dest":"style","sec-fetch-mode":"no-cors","sec-fetch-site":"same-origin"},"query":{}},"res":{"_headers":{"x-powered-by":"Express","accept-ranges":"bytes","cache-control":"public, max-age=31536000","last-modified":"Sat, 26 Oct 1985 08:15:00 GMT","etag":"W/\"8d53b-7438674ba0\"","content-type":"text/css; charset=UTF-8","vary":"Accept-Encoding","content-encoding":"gzip"},"statusCode":200,"responseTime":"524ms"},"msg":"","time":"2023-06-26T11:32:51.138Z","v":0}
{"name":"Log","hostname":"f5cd74c49ca4","pid":1,"level":30,"req":{"meta":{"requestId":"ed87c709-7bd5-4597-91d1-b5a7a13072c1","userId":null},"url":"/ghost.min-801697772dc605c0dae0abfec54ec591.js","method":"GET","originalUrl":"/ghost/assets/ghost.min-801697772dc605c0dae0abfec54ec591.js","params":{},"headers":{"host":"localhost:2368","user-agent":"Mozilla/5.0 (X11; Ubuntu; Linux x86_64; rv:109.0) Gecko/20100101 Firefox/114.0","accept":"*/*","accept-language":"en-US,en;q=0.5","accept-encoding":"gzip, deflate, br","connection":"keep-alive","referer":"http://localhost:2368/ghost/","cookie":"**REDACTED**","sec-fetch-dest":"script","sec-fetch-mode":"no-cors","sec-fetch-site":"same-origin"},"query":{}},"res":{"_headers":{"x-powered-by":"Express","accept-ranges":"bytes","cache-control":"public, max-age=31536000","last-modified":"Sat, 26 Oct 1985 08:15:00 GMT","etag":"W/\"2240da-7438674ba0\"","content-type":"application/javascript; charset=UTF-8","vary":"Accept-Encoding","content-encoding":"gzip"},"statusCode":200,"responseTime":"638ms"},"msg":"","time":"2023-06-26T11:32:51.252Z","v":0}
{"name":"Log","hostname":"f5cd74c49ca4","pid":1,"level":30,"req":{"meta":{"requestId":"050c6f06-6b85-4001-800e-7e0d7ca50542","userId":null},"url":"/vendor.min-2313642ee897688be83924a38d5e62f1.js","method":"GET","originalUrl":"/ghost/assets/vendor.min-2313642ee897688be83924a38d5e62f1.js","params":{},"headers":{"host":"localhost:2368","user-agent":"Mozilla/5.0 (X11; Ubuntu; Linux x86_64; rv:109.0) Gecko/20100101 Firefox/114.0","accept":"*/*","accept-language":"en-US,en;q=0.5","accept-encoding":"gzip, deflate, br","connection":"keep-alive","referer":"http://localhost:2368/ghost/","cookie":"**REDACTED**","sec-fetch-dest":"script","sec-fetch-mode":"no-cors","sec-fetch-site":"same-origin"},"query":{}},"res":{"_headers":{"x-powered-by":"Express","accept-ranges":"bytes","cache-control":"public, max-age=31536000","last-modified":"Sat, 26 Oct 1985 08:15:00 GMT","etag":"W/\"3dbce9-7438674ba0\"","content-type":"application/javascript; charset=UTF-8","vary":"Accept-Encoding","content-encoding":"gzip"},"statusCode":200,"responseTime":"733ms"},"msg":"","time":"2023-06-26T11:32:51.346Z","v":0}
{"name":"Log","hostname":"f5cd74c49ca4","pid":1,"level":30,"req":{"meta":{"requestId":"d2647c9b-cd98-4950-a635-6d804e79dd1c","userId":null},"url":"/img/apple-touch-icon-74680e326a7e87b159d366c7d4fb3d4b.png","method":"GET","originalUrl":"/ghost/assets/img/apple-touch-icon-74680e326a7e87b159d366c7d4fb3d4b.png","params":{},"headers":{"host":"localhost:2368","user-agent":"Mozilla/5.0 (X11; Ubuntu; Linux x86_64; rv:109.0) Gecko/20100101 Firefox/114.0","accept":"image/avif,image/webp,*/*","accept-language":"en-US,en;q=0.5","accept-encoding":"gzip, deflate, br","connection":"keep-alive","referer":"http://localhost:2368/ghost/","cookie":"**REDACTED**","sec-fetch-dest":"image","sec-fetch-mode":"no-cors","sec-fetch-site":"same-origin"},"query":{}},"res":{"_headers":{"x-powered-by":"Express","accept-ranges":"bytes","cache-control":"public, max-age=31536000","last-modified":"Sat, 26 Oct 1985 08:15:00 GMT","etag":"W/\"1302-7438674ba0\"","content-type":"image/png","content-length":4866},"statusCode":200,"responseTime":"4ms"},"msg":"","time":"2023-06-26T11:32:51.614Z","v":0}
{"name":"Log","hostname":"f5cd74c49ca4","pid":1,"level":30,"req":{"meta":{"requestId":"31ea5283-3a06-4d78-9adc-6d17b06e284e","userId":null},"url":"/img/favicon.ico","method":"GET","originalUrl":"/ghost/assets/img/favicon.ico","params":{},"headers":{"host":"localhost:2368","user-agent":"Mozilla/5.0 (X11; Ubuntu; Linux x86_64; rv:109.0) Gecko/20100101 Firefox/114.0","accept":"image/avif,image/webp,*/*","accept-language":"en-US,en;q=0.5","accept-encoding":"gzip, deflate, br","connection":"keep-alive","referer":"http://localhost:2368/ghost/","cookie":"**REDACTED**","sec-fetch-dest":"image","sec-fetch-mode":"no-cors","sec-fetch-site":"same-origin"},"query":{}},"res":{"_headers":{"x-powered-by":"Express","accept-ranges":"bytes","cache-control":"public, max-age=31536000","last-modified":"Sat, 26 Oct 1985 08:15:00 GMT","etag":"W/\"3c2e-7438674ba0\"","content-type":"image/x-icon","vary":"Accept-Encoding","content-encoding":"gzip"},"statusCode":200,"responseTime":"8ms"},"msg":"","time":"2023-06-26T11:32:51.618Z","v":0}
{"name":"Log","hostname":"f5cd74c49ca4","pid":1,"level":50,"req":{"meta":{"requestId":"3a1fc4e3-7594-47a0-9ffc-d356032f2654","userId":null},"url":"/users/me/?include=roles","method":"GET","originalUrl":"/ghost/api/canary/admin/users/me/?include=roles","params":{},"headers":{"host":"localhost:2368","user-agent":"Mozilla/5.0 (X11; Ubuntu; Linux x86_64; rv:109.0) Gecko/20100101 Firefox/114.0","accept":"application/json, text/javascript, */*; q=0.01","accept-language":"en-US,en;q=0.5","accept-encoding":"gzip, deflate, br","content-type":"application/json; charset=UTF-8","x-ghost-version":"4.36","app-pragma":"no-cache","x-requested-with":"XMLHttpRequest","connection":"keep-alive","referer":"http://localhost:2368/ghost/","cookie":"**REDACTED**","sec-fetch-dest":"empty","sec-fetch-mode":"cors","sec-fetch-site":"same-origin"},"query":{"include":"roles"}},"res":{"_headers":{"x-powered-by":"Express","cache-control":"no-cache, private, no-store, must-revalidate, max-stale=0, post-check=0, pre-check=0","content-type":"application/json; charset=utf-8","content-length":"321","etag":"W/\"141-8WxYaH1WAUT3jPS2UHElAvPHhfg\"","vary":"Accept-Encoding"},"statusCode":403,"responseTime":"412ms"},"err":{"id":"2f9819b0-1415-11ee-81f0-4bf927176c37","domain":"http://serverip:2368","code":null,"name":"NoPermissionError","statusCode":403,"level":"normal","message":"Authorization failed","context":"\"Unable to determine the authenticated user or integration. Check that cookies are being passed through if using session authentication.\"","stack":"NoPermissionError: Authorization failed"},"msg":"Authorization failed","time":"2023-06-26T11:32:52.047Z","v":0}
{"name":"Log","hostname":"f5cd74c49ca4","pid":1,"level":30,"req":{"meta":{"requestId":"591135b7-faf7-42ad-818b-fa2fead3ad6c","userId":null},"url":"/site/","method":"GET","originalUrl":"/ghost/api/canary/admin/site/","params":{},"headers":{"host":"localhost:2368","user-agent":"Mozilla/5.0 (X11; Ubuntu; Linux x86_64; rv:109.0) Gecko/20100101 Firefox/114.0","accept":"application/json, text/javascript, */*; q=0.01","accept-language":"en-US,en;q=0.5","accept-encoding":"gzip, deflate, br","content-type":"application/json; charset=UTF-8","x-ghost-version":"4.36","app-pragma":"no-cache","x-requested-with":"XMLHttpRequest","connection":"keep-alive","referer":"http://localhost:2368/ghost/","cookie":"**REDACTED**","sec-fetch-dest":"empty","sec-fetch-mode":"cors","sec-fetch-site":"same-origin"},"query":{}},"res":{"_headers":{"x-powered-by":"Express","cache-control":"no-cache, private, no-store, must-revalidate, max-stale=0, post-check=0, pre-check=0","content-type":"application/json; charset=utf-8","content-length":"166","etag":"W/\"a6-IHztqRp/PlIwEGn9gn3PmjYWxOo\"","vary":"Accept-Encoding"},"statusCode":200,"responseTime":"7ms"},"msg":"","time":"2023-06-26T11:32:52.065Z","v":0}
{"name":"Log","hostname":"f5cd74c49ca4","pid":1,"level":30,"req":{"meta":{"requestId":"a8bf342b-a411-4d7b-8559-e06a69ec704c","userId":null},"url":"/authentication/setup/","method":"GET","originalUrl":"/ghost/api/canary/admin/authentication/setup/","params":{},"headers":{"host":"localhost:2368","user-agent":"Mozilla/5.0 (X11; Ubuntu; Linux x86_64; rv:109.0) Gecko/20100101 Firefox/114.0","accept":"application/json, text/javascript, */*; q=0.01","accept-language":"en-US,en;q=0.5","accept-encoding":"gzip, deflate, br","content-type":"application/json; charset=UTF-8","x-ghost-version":"4.36","app-pragma":"no-cache","x-requested-with":"XMLHttpRequest","connection":"keep-alive","referer":"http://localhost:2368/ghost/","cookie":"**REDACTED**","sec-fetch-dest":"empty","sec-fetch-mode":"cors","sec-fetch-site":"same-origin"},"query":{}},"res":{"_headers":{"x-powered-by":"Express","cache-control":"no-cache, private, no-store, must-revalidate, max-stale=0, post-check=0, pre-check=0","content-type":"application/json; charset=utf-8","content-length":"28","etag":"W/\"1c-sQKS0vX9z/0iYRVKKjytkkIupoI\"","vary":"Accept-Encoding"},"statusCode":200,"responseTime":"16ms"},"msg":"","time":"2023-06-26T11:32:52.096Z","v":0}
{"name":"Log","hostname":"f5cd74c49ca4","pid":1,"level":30,"req":{"meta":{"requestId":"17ff0f84-8694-4361-a99d-b7ee80503025","userId":null},"url":"/authentication/setup/","method":"GET","originalUrl":"/ghost/api/canary/admin/authentication/setup/","params":{},"headers":{"host":"localhost:2368","user-agent":"Mozilla/5.0 (X11; Ubuntu; Linux x86_64; rv:109.0) Gecko/20100101 Firefox/114.0","accept":"application/json, text/javascript, */*; q=0.01","accept-language":"en-US,en;q=0.5","accept-encoding":"gzip, deflate, br","content-type":"application/json; charset=UTF-8","x-ghost-version":"4.36","app-pragma":"no-cache","x-requested-with":"XMLHttpRequest","connection":"keep-alive","referer":"http://localhost:2368/ghost/","cookie":"**REDACTED**","sec-fetch-dest":"empty","sec-fetch-mode":"cors","sec-fetch-site":"same-origin"},"query":{}},"res":{"_headers":{"x-powered-by":"Express","cache-control":"no-cache, private, no-store, must-revalidate, max-stale=0, post-check=0, pre-check=0","content-type":"application/json; charset=utf-8","content-length":"28","etag":"W/\"1c-sQKS0vX9z/0iYRVKKjytkkIupoI\"","vary":"Accept-Encoding"},"statusCode":200,"responseTime":"6ms"},"msg":"","time":"2023-06-26T11:32:52.115Z","v":0}
{"name":"Log","hostname":"f5cd74c49ca4","pid":1,"level":30,"req":{"meta":{"requestId":"e2ab87e7-04d2-43a8-b906-bafdc6eb3d29","userId":null},"url":"/img/install-welcome-ff3912d18bf8949df89c83b1c3b8bb66.png","method":"GET","originalUrl":"/ghost/assets/img/install-welcome-ff3912d18bf8949df89c83b1c3b8bb66.png","params":{},"headers":{"host":"localhost:2368","user-agent":"Mozilla/5.0 (X11; Ubuntu; Linux x86_64; rv:109.0) Gecko/20100101 Firefox/114.0","accept":"image/avif,image/webp,*/*","accept-language":"en-US,en;q=0.5","accept-encoding":"gzip, deflate, br","connection":"keep-alive","referer":"http://localhost:2368/ghost/","cookie":"**REDACTED**","sec-fetch-dest":"image","sec-fetch-mode":"no-cors","sec-fetch-site":"same-origin"},"query":{}},"res":{"_headers":{"x-powered-by":"Express","accept-ranges":"bytes","cache-control":"public, max-age=31536000","last-modified":"Sat, 26 Oct 1985 08:15:00 GMT","etag":"W/\"129e2-7438674ba0\"","content-type":"image/png","content-length":76258},"statusCode":200,"responseTime":"2ms"},"msg":"","time":"2023-06-26T11:32:52.164Z","v":0}
{"name":"Log","hostname":"f5cd74c49ca4","pid":1,"level":30,"req":{"meta":{"requestId":"f7bc5e4b-33db-4e5f-83a3-9bf436f59422","userId":null},"url":"/","method":"GET","originalUrl":"/","params":{},"headers":{"host":"localhost:2368","user-agent":"Mozilla/5.0 (X11; Ubuntu; Linux x86_64; rv:109.0) Gecko/20100101 Firefox/114.0","accept":"text/html,application/xhtml+xml,application/xml;q=0.9,image/avif,image/webp,*/*;q=0.8","accept-language":"en-US,en;q=0.5","accept-encoding":"gzip, deflate, br","connection":"keep-alive","cookie":"**REDACTED**","upgrade-insecure-requests":"1","sec-fetch-dest":"document","sec-fetch-mode":"navigate","sec-fetch-site":"none","sec-fetch-user":"?1"},"query":{}},"res":{"_headers":{"x-powered-by":"Express","cache-control":"public, max-age=0","content-type":"text/html; charset=utf-8","etag":"W/\"5dd5-HXFQqRIY/u02Hsj+gD+A/SprAb8\"","vary":"Accept-Encoding","content-encoding":"gzip"},"statusCode":200,"responseTime":"84ms"},"msg":"","time":"2023-06-26T13:04:57.407Z","v":0}
{"name":"Log","hostname":"f5cd74c49ca4","pid":1,"level":30,"req":{"meta":{"requestId":"2815d8d1-f4f3-4943-9f4b-a5b6824632f5","userId":null},"url":"/assets/built/screen.css?v=e4be049549","method":"GET","originalUrl":"/assets/built/screen.css?v=e4be049549","params":{},"headers":{"host":"localhost:2368","user-agent":"Mozilla/5.0 (X11; Ubuntu; Linux x86_64; rv:109.0) Gecko/20100101 Firefox/114.0","accept":"text/css,*/*;q=0.1","accept-language":"en-US,en;q=0.5","accept-encoding":"gzip, deflate, br","connection":"keep-alive","referer":"http://localhost:2368/","cookie":"**REDACTED**","sec-fetch-dest":"style","sec-fetch-mode":"no-cors","sec-fetch-site":"same-origin"},"query":{"v":"e4be049549"}},"res":{"_headers":{"x-powered-by":"Express"},"statusCode":200,"responseTime":"2ms"},"msg":"","time":"2023-06-26T13:04:57.466Z","v":0}
{"name":"Log","hostname":"f5cd74c49ca4","pid":1,"level":30,"req":{"meta":{"requestId":"d16a35c1-5bcc-448f-a10b-89a31efff05e","userId":null},"url":"/public/cards.min.css?v=e4be049549","method":"GET","originalUrl":"/public/cards.min.css?v=e4be049549","params":{},"headers":{"host":"localhost:2368","user-agent":"Mozilla/5.0 (X11; Ubuntu; Linux x86_64; rv:109.0) Gecko/20100101 Firefox/114.0","accept":"text/css,*/*;q=0.1","accept-language":"en-US,en;q=0.5","accept-encoding":"gzip, deflate, br","referer":"http://localhost:2368/","connection":"keep-alive","cookie":"**REDACTED**","sec-fetch-dest":"style","sec-fetch-mode":"no-cors","sec-fetch-site":"same-origin"},"query":{"v":"e4be049549"}},"res":{"_headers":{"x-powered-by":"Express","content-type":"text/css","etag":"\"d5cc0dc6d59a379d442f2bce80934735\"","cache-control":"public, max-age=31536000","vary":"Accept-Encoding","content-encoding":"gzip"},"statusCode":200,"responseTime":"3ms"},"msg":"","time":"2023-06-26T13:04:57.472Z","v":0}
{"name":"Log","hostname":"f5cd74c49ca4","pid":1,"level":30,"req":{"meta":{"requestId":"af9bb69b-7702-46c5-8d79-e48c5712ffca","userId":null},"url":"/favicon.ico","method":"GET","originalUrl":"/favicon.ico","params":{},"headers":{"host":"localhost:2368","user-agent":"Mozilla/5.0 (X11; Ubuntu; Linux x86_64; rv:109.0) Gecko/20100101 Firefox/114.0","accept":"image/avif,image/webp,*/*","accept-language":"en-US,en;q=0.5","accept-encoding":"gzip, deflate, br","referer":"http://localhost:2368/","connection":"keep-alive","cookie":"**REDACTED**","sec-fetch-dest":"image","sec-fetch-mode":"no-cors","sec-fetch-site":"same-origin"},"query":{}},"res":{"_headers":{"x-powered-by":"Express"},"statusCode":200,"responseTime":"1ms"},"msg":"","time":"2023-06-26T13:04:57.868Z","v":0}
{"name":"Log","hostname":"f5cd74c49ca4","pid":1,"level":30,"req":{"meta":{"requestId":"dc209b87-9725-47f4-ac83-eb69bc10e36a","userId":null},"url":"/","method":"GET","originalUrl":"/","params":{},"headers":{"host":"localhost:2368","user-agent":"Mozilla/5.0 (X11; Ubuntu; Linux x86_64; rv:109.0) Gecko/20100101 Firefox/114.0","accept":"text/html,application/xhtml+xml,application/xml;q=0.9,image/avif,image/webp,*/*;q=0.8","accept-language":"en-US,en;q=0.5","accept-encoding":"gzip, deflate, br","connection":"keep-alive","cookie":"**REDACTED**","upgrade-insecure-requests":"1","sec-fetch-dest":"document","sec-fetch-mode":"navigate","sec-fetch-site":"cross-site","sec-fetch-user":"?1","if-none-match":"W/\"5dd5-HXFQqRIY/u02Hsj+gD+A/SprAb8\""},"query":{}},"res":{"_headers":{"x-powered-by":"Express","cache-control":"public, max-age=0","etag":"W/\"5dd5-HXFQqRIY/u02Hsj+gD+A/SprAb8\""},"statusCode":304,"responseTime":"58ms"},"msg":"","time":"2023-06-26T13:06:22.848Z","v":0}
{"name":"Log","hostname":"f5cd74c49ca4","pid":1,"level":30,"req":{"meta":{"requestId":"d1161dc0-1fdf-4003-bfe5-34769d9cab44","userId":null},"url":"/assets/built/screen.css?v=e4be049549","method":"GET","originalUrl":"/assets/built/screen.css?v=e4be049549","params":{},"headers":{"host":"localhost:2368","user-agent":"Mozilla/5.0 (X11; Ubuntu; Linux x86_64; rv:109.0) Gecko/20100101 Firefox/114.0","accept":"text/css,*/*;q=0.1","accept-language":"en-US,en;q=0.5","accept-encoding":"gzip, deflate, br","connection":"keep-alive","referer":"http://localhost:2368/","cookie":"**REDACTED**","sec-fetch-dest":"style","sec-fetch-mode":"no-cors","sec-fetch-site":"same-origin"},"query":{"v":"e4be049549"}},"res":{"_headers":{"x-powered-by":"Express"},"statusCode":200,"responseTime":"1ms"},"msg":"","time":"2023-06-26T13:06:22.875Z","v":0}
{"name":"Log","hostname":"f5cd74c49ca4","pid":1,"level":30,"req":{"meta":{"requestId":"d29bc2f1-c929-42f3-8227-37df27c574b6","userId":null},"url":"/sitemap.xml","method":"GET","originalUrl":"/sitemap.xml","params":{},"headers":{"accept-encoding":"identity","host":"localhost:2368","user-agent":"Python-urllib/3.11","connection":"close"},"query":{}},"res":{"_headers":{"x-powered-by":"Express","cache-control":"public, max-age=3600","content-type":"text/xml; charset=utf-8","content-length":"633","etag":"W/\"279-KvIhGk9D/7nOQN+SWuLA7zrP0Ws\"","vary":"Accept-Encoding"},"statusCode":200,"responseTime":"65ms"},"msg":"","time":"2023-06-26T13:07:11.797Z","v":0}
{"name":"Log","hostname":"f5cd74c49ca4","pid":1,"level":30,"req":{"meta":{"requestId":"f62c15a5-2ada-4be5-a23e-b52e69322849","userId":null},"url":"/robots.txt","method":"GET","originalUrl":"/robots.txt","params":{},"headers":{"accept-encoding":"identity","host":"localhost:2368","user-agent":"Python-urllib/3.11","connection":"close"},"query":{}},"res":{"_headers":{"x-powered-by":"Express","content-type":"text/plain","content-length":106,"etag":"\"a3978ab924ef4575ceb5d469498feae1\"","cache-control":"public, max-age=3600","vary":"Accept-Encoding"},"statusCode":200,"responseTime":"15ms"},"msg":"","time":"2023-06-26T13:07:11.816Z","v":0}
{"name":"Log","hostname":"f5cd74c49ca4","pid":1,"level":30,"req":{"meta":{"requestId":"2674a011-4c76-4b41-a4c7-14a284eb7b31","userId":null},"url":"/favicon.ico","method":"GET","originalUrl":"/favicon.ico","params":{},"headers":{"accept-encoding":"identity","host":"localhost:2368","user-agent":"Python-urllib/3.11","connection":"close"},"query":{}},"res":{"_headers":{"x-powered-by":"Express","content-type":"image/x-icon","content-length":15406,"etag":"\"a9c6dbdcdc3ae568f4e0dad92149a0e3\"","cache-control":"public, max-age=86400","vary":"Accept-Encoding"},"statusCode":200,"responseTime":"1ms"},"msg":"","time":"2023-06-26T13:07:11.819Z","v":0}
{"name":"Log","hostname":"f5cd74c49ca4","pid":1,"level":40,"msg":"Ghost is shutting down","time":"2023-06-26T13:10:36.372Z","v":0}
{"name":"Log","hostname":"f5cd74c49ca4","pid":1,"level":40,"msg":"Ghost has shut down","time":"2023-06-26T13:10:36.427Z","v":0}
{"name":"Log","hostname":"f5cd74c49ca4","pid":1,"level":40,"msg":"Your site is now offline","time":"2023-06-26T13:10:36.428Z","v":0}
{"name":"Log","hostname":"f5cd74c49ca4","pid":1,"level":40,"msg":"Ghost was running for 2 days","time":"2023-06-26T13:10:36.429Z","v":0}
